0 info it worked if it ends with ok
1 verbose cli [ '/usr/local/bin/node',
1 verbose cli   '/usr/local/bin/npm',
1 verbose cli   'install',
1 verbose cli   '--save',
1 verbose cli   'request' ]
2 info using npm@2.15.9
3 info using node@v4.6.0
4 verbose install initial load of /Users/ollie/Desktop/Workspace/node-study/package.json
5 warn package.json node-study@1.0.0 No description
6 warn package.json node-study@1.0.0 No README data
7 verbose installManyTop reading scoped package data from /Users/ollie/Desktop/Workspace/node-study/node_modules/ejs/package.json
8 verbose installManyTop reading scoped package data from /Users/ollie/Desktop/Workspace/node-study/node_modules/express/package.json
9 verbose installManyTop reading scoped package data from /Users/ollie/Desktop/Workspace/node-study/node_modules/morgan/package.json
10 verbose installManyTop reading scoped package data from /Users/ollie/Desktop/Workspace/node-study/node_modules/nodemon/package.json
11 verbose installManyTop reading scoped package data from /Users/ollie/Desktop/Workspace/node-study/node_modules/winston/package.json
12 verbose readDependencies loading dependencies from /Users/ollie/Desktop/Workspace/node-study/package.json
13 silly cache add args [ 'request', null ]
14 verbose cache add spec request
15 silly cache add parsed spec Result {
15 silly cache add   raw: 'request',
15 silly cache add   scope: null,
15 silly cache add   name: 'request',
15 silly cache add   rawSpec: '',
15 silly cache add   spec: 'latest',
15 silly cache add   type: 'tag' }
16 silly addNamed request@latest
17 verbose addNamed "latest" is being treated as a dist-tag for request
18 info addNameTag [ 'request', 'latest' ]
19 silly mapToRegistry name request
20 silly mapToRegistry using default registry
21 silly mapToRegistry registry https://registry.npmjs.org/
22 silly mapToRegistry data Result {
22 silly mapToRegistry   raw: 'request',
22 silly mapToRegistry   scope: null,
22 silly mapToRegistry   name: 'request',
22 silly mapToRegistry   rawSpec: '',
22 silly mapToRegistry   spec: 'latest',
22 silly mapToRegistry   type: 'tag' }
23 silly mapToRegistry uri https://registry.npmjs.org/request
24 verbose addNameTag registry:https://registry.npmjs.org/request not in flight; fetching
25 verbose request uri https://registry.npmjs.org/request
26 verbose request no auth needed
27 info attempt registry request try #1 at 11:38:45
28 verbose request id 3e13b3e1c86673b0
29 http request GET https://registry.npmjs.org/request
30 info retry will retry, error on last attempt: Error: getaddrinfo ENOTFOUND registry.npmjs.org registry.npmjs.org:443
31 info attempt registry request try #2 at 11:38:55
32 http request GET https://registry.npmjs.org/request
33 info retry will retry, error on last attempt: Error: getaddrinfo ENOTFOUND registry.npmjs.org registry.npmjs.org:443
34 info attempt registry request try #3 at 11:39:55
35 http request GET https://registry.npmjs.org/request
36 verbose stack Error: getaddrinfo ENOTFOUND registry.npmjs.org registry.npmjs.org:443
36 verbose stack     at errnoException (dns.js:27:10)
36 verbose stack     at GetAddrInfoReqWrap.onlookup [as oncomplete] (dns.js:78:26)
37 verbose cwd /Users/ollie/Desktop/Workspace/node-study
38 error Darwin 15.6.0
39 error argv "/usr/local/bin/node" "/usr/local/bin/npm" "install" "--save" "request"
40 error node v4.6.0
41 error npm  v2.15.9
42 error code ENOTFOUND
43 error errno ENOTFOUND
44 error syscall getaddrinfo
45 error network getaddrinfo ENOTFOUND registry.npmjs.org registry.npmjs.org:443
45 error network This is most likely not a problem with npm itself
45 error network and is related to network connectivity.
45 error network In most cases you are behind a proxy or have bad network settings.
45 error network
45 error network If you are behind a proxy, please make sure that the
45 error network 'proxy' config is set properly.  See: 'npm help config'
46 verbose exit [ 1, true ]
